#
# There is insufficient memory for the Java Runtime Environment to continue.
# Native memory allocation (malloc) failed to allocate 32744 bytes for ChunkPool::allocate
# Possible reasons:
#   The system is out of physical RAM or swap space
#   In 32 bit mode, the process size limit was hit
# Possible solutions:
#   Reduce memory load on the system
#   Increase physical memory or swap space
#   Check if swap backing store is full
#   Use 64 bit Java on a 64 bit OS
#   Decrease Java heap size (-Xmx/-Xms)
#   Decrease number of Java threads
#   Decrease Java thread stack sizes (-Xss)
#   Set larger code cache with -XX:ReservedCodeCacheSize=
# This output file may be truncated or incomplete.
#
#  Out of Memory Error (allocation.cpp:273), pid=3556, tid=7932
#
# JRE version: Java(TM) SE Runtime Environment (8.0_20-b26) (build 1.8.0_20-b26)
# Java VM: Java HotSpot(TM) 64-Bit Server VM (25.20-b23 mixed mode windows-amd64 compressed oops)
# Failed to write core dump. Minidumps are not enabled by default on client versions of Windows
#

---------------  T H R E A D  ---------------

Current thread (0x00000000082af000):  JavaThread "C1 CompilerThread3" daemon [_thread_in_native, id=7932, stack(0x0000000008b60000,0x0000000008c60000)]

Stack: [0x0000000008b60000,0x0000000008c60000]
Native frames: (J=compiled Java code, j=interpreted, Vv=VM code, C=native code)
V  [jvm.dll+0x3152fa]


Current CompileTask:
C1:    202  112       3       sun.nio.cs.UTF_8$Decoder::decode (779 bytes)


---------------  P R O C E S S  ---------------

Java Threads: ( => current thread )
  0x0000000008317800 JavaThread "Service Thread" daemon [_thread_blocked, id=1064, stack(0x0000000008c60000,0x0000000008d60000)]
=>0x00000000082af000 JavaThread "C1 CompilerThread3" daemon [_thread_in_native, id=7932, stack(0x0000000008b60000,0x0000000008c60000)]
  0x0000000008294000 JavaThread "C2 CompilerThread2" daemon [_thread_blocked, id=8488, stack(0x0000000008a60000,0x0000000008b60000)]
  0x000000000828a800 JavaThread "C2 CompilerThread1" daemon [_thread_blocked, id=3368, stack(0x0000000008960000,0x0000000008a60000)]
  0x0000000008287800 JavaThread "C2 CompilerThread0" daemon [_thread_blocked, id=9632, stack(0x0000000008860000,0x0000000008960000)]
  0x0000000008286000 JavaThread "Attach Listener" daemon [_thread_blocked, id=8276, stack(0x0000000008760000,0x0000000008860000)]
  0x0000000008285000 JavaThread "Signal Dispatcher" daemon [_thread_blocked, id=5676, stack(0x0000000008660000,0x0000000008760000)]
  0x0000000002779800 JavaThread "Finalizer" daemon [_thread_blocked, id=3412, stack(0x0000000008160000,0x0000000008260000)]
  0x0000000002772800 JavaThread "Reference Handler" daemon [_thread_blocked, id=6220, stack(0x0000000008060000,0x0000000008160000)]
  0x000000000248e000 JavaThread "main" [_thread_in_vm, id=5656, stack(0x0000000002580000,0x0000000002680000)]

Other Threads:
  0x0000000006298000 VMThread [stack: 0x0000000007f60000,0x0000000008060000] [id=8732]
  0x000000000831c800 WatcherThread [stack: 0x0000000008d60000,0x0000000008e60000] [id=9816]

VM state:not at safepoint (normal execution)

VM Mutex/Monitor currently owned by a thread: None

Heap:
 PSYoungGen      total 38400K, used 3329K [0x00000000eab00000, 0x00000000ed580000, 0x0000000100000000)
  eden space 33280K, 10% used [0x00000000eab00000,0x00000000eae40518,0x00000000ecb80000)
  from space 5120K, 0% used [0x00000000ed080000,0x00000000ed080000,0x00000000ed580000)
  to   space 5120K, 0% used [0x00000000ecb80000,0x00000000ecb80000,0x00000000ed080000)
 ParOldGen       total 87552K, used 0K [0x00000000c0000000, 0x00000000c5580000, 0x00000000eab00000)
  object space 87552K, 0% used [0x00000000c0000000,0x00000000c0000000,0x00000000c5580000)
 Metaspace       used 3189K, capacity 4720K, committed 4864K, reserved 1056768K
  class space    used 343K, capacity 424K, committed 512K, reserved 1048576K

Card table byte_map: [0x0000000002b40000,0x0000000002d50000] byte_map_base: 0x0000000002540000

Marking Bits: (ParMarkBitMap*) 0x000000005c67b460
 Begin Bits: [0x00000000036b0000, 0x00000000046b0000)
 End Bits:   [0x00000000046b0000, 0x00000000056b0000)

Polling page: 0x0000000002430000

CodeCache: size=245760Kb used=1262Kb max_used=1262Kb free=244497Kb
 bounds [0x000000000f010000, 0x000000000f280000, 0x000000001e010000]
 total_blobs=352 nmethods=112 adapters=154
 compilation: enabled

Compilation events (10 events):
Event: 0.186 Thread 0x00000000082af000 nmethod 106 0x000000000f149d50 code [0x000000000f149ee0, 0x000000000f14a1b8]
Event: 0.186 Thread 0x00000000082af000  108       3       java.util.Date::getCalendarSystem (15 bytes)
Event: 0.187 Thread 0x00000000082af000 nmethod 108 0x000000000f14a2d0 code [0x000000000f14a460, 0x000000000f14a968]
Event: 0.187 Thread 0x00000000082af000  107       1       java.util.zip.ZipCoder::isUTF8 (5 bytes)
Event: 0.187 Thread 0x00000000082af000 nmethod 107 0x000000000f14aad0 code [0x000000000f14ac20, 0x000000000f14ad30]
Event: 0.187 Thread 0x00000000082af000  109       1       sun.util.calendar.CalendarDate::isStandardTime (5 bytes)
Event: 0.187 Thread 0x00000000082af000 nmethod 109 0x000000000f14ad90 code [0x000000000f14aee0, 0x000000000f14aff0]
Event: 0.187 Thread 0x00000000082af000  110       1       sun.util.calendar.BaseCalendar$Date::getCachedYear (5 bytes)
Event: 0.187 Thread 0x00000000082af000 nmethod 110 0x000000000f14b050 code [0x000000000f14b1a0, 0x000000000f14b2b0]
Event: 0.189 Thread 0x00000000082af000  112       3       sun.nio.cs.UTF_8$Decoder::decode (779 bytes)

GC Heap History (0 events):
No events

Deoptimization events (0 events):
No events

Internal exceptions (10 events):
Event: 0.178 Thread 0x000000000248e000 Exception <a 'java/security/PrivilegedActionException'> (0x00000000ead90628) thrown at [D:\re\workspace\8-2-build-windows-amd64-cygwin\jdk8u20\1074\hotspot\src\share\vm\prims\jvm.cpp, line 1275]
Event: 0.178 Thread 0x000000000248e000 Exception <a 'java/security/PrivilegedActionException'> (0x00000000ead955f0) thrown at [D:\re\workspace\8-2-build-windows-amd64-cygwin\jdk8u20\1074\hotspot\src\share\vm\prims\jvm.cpp, line 1275]
Event: 0.179 Thread 0x000000000248e000 Exception <a 'java/security/PrivilegedActionException'> (0x00000000ead97680) thrown at [D:\re\workspace\8-2-build-windows-amd64-cygwin\jdk8u20\1074\hotspot\src\share\vm\prims\jvm.cpp, line 1275]
Event: 0.180 Thread 0x000000000248e000 Exception <a 'java/security/PrivilegedActionException'> (0x00000000ead9c368) thrown at [D:\re\workspace\8-2-build-windows-amd64-cygwin\jdk8u20\1074\hotspot\src\share\vm\prims\jvm.cpp, line 1275]
Event: 0.180 Thread 0x000000000248e000 Exception <a 'java/security/PrivilegedActionException'> (0x00000000eada07e8) thrown at [D:\re\workspace\8-2-build-windows-amd64-cygwin\jdk8u20\1074\hotspot\src\share\vm\prims\jvm.cpp, line 1275]
Event: 0.181 Thread 0x000000000248e000 Exception <a 'java/security/PrivilegedActionException'> (0x00000000eada5378) thrown at [D:\re\workspace\8-2-build-windows-amd64-cygwin\jdk8u20\1074\hotspot\src\share\vm\prims\jvm.cpp, line 1275]
Event: 0.181 Thread 0x000000000248e000 Exception <a 'java/security/PrivilegedActionException'> (0x00000000eada9998) thrown at [D:\re\workspace\8-2-build-windows-amd64-cygwin\jdk8u20\1074\hotspot\src\share\vm\prims\jvm.cpp, line 1275]
Event: 0.182 Thread 0x000000000248e000 Exception <a 'java/security/PrivilegedActionException'> (0x00000000eadaeed8) thrown at [D:\re\workspace\8-2-build-windows-amd64-cygwin\jdk8u20\1074\hotspot\src\share\vm\prims\jvm.cpp, line 1275]
Event: 0.183 Thread 0x000000000248e000 Exception <a 'java/security/PrivilegedActionException'> (0x00000000eadb4658) thrown at [D:\re\workspace\8-2-build-windows-amd64-cygwin\jdk8u20\1074\hotspot\src\share\vm\prims\jvm.cpp, line 1275]
Event: 0.183 Thread 0x000000000248e000 Exception <a 'java/security/PrivilegedActionException'> (0x00000000eadb6730) thrown at [D:\re\workspace\8-2-build-windows-amd64-cygwin\jdk8u20\1074\hotspot\src\share\vm\prims\jvm.cpp, line 1275]

Events (10 events):
Event: 0.181 loading class com/android/dx/dex/file/ClassDefsSection
Event: 0.181 loading class com/android/dx/dex/file/ClassDefsSection done
Event: 0.182 loading class com/android/dx/cf/direct/ClassPathOpener
Event: 0.182 loading class com/android/dx/cf/direct/ClassPathOpener done
Event: 0.183 loading class com/android/dx/cf/direct/ClassPathOpener$1
Event: 0.183 loading class com/android/dx/cf/direct/ClassPathOpener$1 done
Event: 0.183 loading class com/android/dx/command/dexer/Main$1
Event: 0.183 loading class com/android/dx/command/dexer/Main$1 done
Event: 0.184 loading class java/util/zip/ZipFile$ZipEntryIterator
Event: 0.184 loading class java/util/zip/ZipFile$ZipEntryIterator done


Dynamic libraries:
0x00007ff7633e0000 - 0x00007ff763414000 	C:\Program Files\Java\jdk1.8.0_20\bin\java.exe
0x00007ff9b6960000 - 0x00007ff9b6b0c000 	C:\Windows\SYSTEM32\ntdll.dll
0x00007ff9b45f0000 - 0x00007ff9b472e000 	C:\Windows\system32\KERNEL32.DLL
0x00007ff9b3e10000 - 0x00007ff9b3f25000 	C:\Windows\system32\KERNELBASE.dll
0x00007ff9b2530000 - 0x00007ff9b25be000 	C:\Windows\system32\apphelp.dll
0x00007ff9ab2f0000 - 0x00007ff9ab343000 	C:\Windows\AppPatch\AppPatch64\AcGenral.DLL
0x00007ff9b4af0000 - 0x00007ff9b4b9a000 	C:\Windows\system32\msvcrt.dll
0x00007ff9b3840000 - 0x00007ff9b386e000 	C:\Windows\SYSTEM32\SspiCli.dll
0x00007ff9b44d0000 - 0x00007ff9b4524000 	C:\Windows\system32\SHLWAPI.dll
0x00007ff9b4130000 - 0x00007ff9b42a7000 	C:\Windows\system32\USER32.dll
0x00007ff9b4ec0000 - 0x00007ff9b5054000 	C:\Windows\system32\ole32.dll
0x00007ff9b5420000 - 0x00007ff9b6938000 	C:\Windows\system32\SHELL32.dll
0x00007ff9b3010000 - 0x00007ff9b3031000 	C:\Windows\SYSTEM32\USERENV.dll
0x00007ff9b4c10000 - 0x00007ff9b4cba000 	C:\Windows\system32\ADVAPI32.dll
0x00007ff9a4c60000 - 0x00007ff9a4c7e000 	C:\Windows\SYSTEM32\MPR.dll
0x00007ff9b3fe0000 - 0x00007ff9b4121000 	C:\Windows\system32\RPCRT4.dll
0x00007ff9b4ba0000 - 0x00007ff9b4bf9000 	C:\Windows\SYSTEM32\sechost.dll
0x00007ff9b5060000 - 0x00007ff9b5271000 	C:\Windows\SYSTEM32\combase.dll
0x00007ff9b4370000 - 0x00007ff9b44c1000 	C:\Windows\system32\GDI32.dll
0x00007ff9b3ab0000 - 0x00007ff9b3ac5000 	C:\Windows\SYSTEM32\profapi.dll
0x00007ff9b25c0000 - 0x00007ff9b2672000 	C:\Windows\SYSTEM32\SHCORE.dll
0x00007ff9b5280000 - 0x00007ff9b52b6000 	C:\Windows\system32\IMM32.DLL
0x00007ff9b52c0000 - 0x00007ff9b5411000 	C:\Windows\system32\MSCTF.dll
0x00007ff9b3a60000 - 0x00007ff9b3a91000 	C:\Windows\system32\nvinitx.dll
0x000000000f000000 - 0x000000000f006000 	C:\Program Files\NVIDIA Corporation\CoProcManager\_etoured.dll
0x00007ff9b1790000 - 0x00007ff9b17c2000 	C:\Program Files\NVIDIA Corporation\CoProcManager\nvd3d9wrapx.dll
0x00007ff9b4ce0000 - 0x00007ff9b4eba000 	C:\Windows\system32\SETUPAPI.dll
0x00007ff9b3b80000 - 0x00007ff9b3bcf000 	C:\Windows\system32\CFGMGR32.dll
0x00007ff9b1ab0000 - 0x00007ff9b1ad2000 	C:\Program Files\NVIDIA Corporation\CoProcManager\nvdxgiwrapx.dll
0x00007ff9b17d0000 - 0x00007ff9b1a4b000 	C:\Windows\WinSxS\amd64_microsoft.windows.common-controls_6595b64144ccf1df_6.0.9600.17415_none_6240486fecbd8abb\COMCTL32.dll
0x000000005bcd0000 - 0x000000005bda2000 	C:\Program Files\Java\jdk1.8.0_20\jre\bin\msvcr100.dll
0x000000005bea0000 - 0x000000005c6f8000 	C:\Program Files\Java\jdk1.8.0_20\jre\bin\server\jvm.dll
0x00007ff9b02a0000 - 0x00007ff9b02a9000 	C:\Windows\SYSTEM32\WSOCK32.dll
0x00007ff9b1680000 - 0x00007ff9b16a2000 	C:\Windows\SYSTEM32\WINMM.dll
0x00007ff9b4730000 - 0x00007ff9b4737000 	C:\Windows\system32\PSAPI.DLL
0x00007ff9b4960000 - 0x00007ff9b49ba000 	C:\Windows\system32\WS2_32.dll
0x00007ff9b13e0000 - 0x00007ff9b140a000 	C:\Windows\SYSTEM32\WINMMBASE.dll
0x00007ff9b4cc0000 - 0x00007ff9b4cc9000 	C:\Windows\system32\NSI.dll
0x00007ff9b2860000 - 0x00007ff9b2888000 	C:\Windows\SYSTEM32\DEVOBJ.dll
0x000000005d300000 - 0x000000005d30f000 	C:\Program Files\Java\jdk1.8.0_20\jre\bin\verify.dll
0x000000005d2d0000 - 0x000000005d2f8000 	C:\Program Files\Java\jdk1.8.0_20\jre\bin\java.dll
0x000000005d2b0000 - 0x000000005d2c6000 	C:\Program Files\Java\jdk1.8.0_20\jre\bin\zip.dll
0x00007ff9ae550000 - 0x00007ff9ae6da000 	C:\Windows\SYSTEM32\dbghelp.dll

VM Arguments:
jvm_args: -Xmx1024M -Dfile.encoding=windows-1252 -Duser.country=GB -Duser.language=en -Duser.variant 
java_command: com.android.dx.command.Main --dex --output C:\Users\Brian\Downloads\FypApp-master1\app\build\intermediates\pre-dexed\debug\classes-1c97fe9df486483cb0a1888b588fcdf852040801.jar C:\Users\Brian\Downloads\FypApp-master1\app\build\intermediates\exploded-aar\com.google.android.gms\play-services\6.5.87\classes.jar
java_class_path (initial): C:\Dev\sdk\build-tools\build-tools-21.1.2\lib\dx.jar
Launcher Type: SUN_STANDARD

Environment Variables:
JAVA_HOME=C:\Program Files\Java\jdk1.8.0_20
USERNAME=Brian
OS=Windows_NT
PROCESSOR_IDENTIFIER=Intel64 Family 6 Model 60 Stepping 3, GenuineIntel



---------------  S Y S T E M  ---------------

OS: Windows 8.1 , 64 bit Build 9600 

CPU:total 8 (4 cores per cpu, 2 threads per core) family 6 model 60 stepping 3, cmov, cx8, fxsr, mmx, sse, sse2, sse3, ssse3, sse4.1, sse4.2, popcnt, avx, avx2, aes, clmul, erms, lzcnt, ht, tsc, tscinvbit, bmi1, bmi2

Memory: 4k page, physical 8306736k(139028k free), swap 11452464k(5020k free)

vm_info: Java HotSpot(TM) 64-Bit Server VM (25.20-b23) for windows-amd64 JRE (1.8.0_20-b26), built on Jul 30 2014 13:51:23 by "java_re" with MS VC++ 10.0 (VS2010)

time: Wed Apr 01 21:56:56 2015
elapsed time: 0 seconds (0d 0h 0m 0s)

